*******************************************************
Fri Jul  3 23:20:51 +03 2020 non-bai deployment was selected
Fri Jul  3 23:20:51 +03 2020 Creating Common-Services V3.4 Operand Request for non-BAI deployments on OCP 4.3 ..
Fri Jul  3 23:20:51 +03 2020 The installation of Common Services Release 3.4 has started
Fri Jul  3 23:20:51 +03 2020 Defining sources for Release 3.4 of IBM Common Services.
operatorsource.operators.coreos.com/opencloud-operators unchanged
Fri Jul  3 23:21:57 +03 2020 Creating Operator Group for Release 3.4...
operatorgroup.operators.coreos.com/operatorgroup created
Fri Jul  3 23:22:05 +03 2020 Creating Operator Subscription for Release 3.4...
subscription.operators.coreos.com/ibm-common-service-operator created
Fri Jul  3 23:22:14 +03 2020 waiting on Operator..sleeping...
Fri Jul  3 23:24:14 +03 2020 Creating Operator Request CR for Release 3.4...
operandrequest.operator.ibm.com/common-service created
operandconfig.operator.ibm.com/common-service patched

[1m*******************************************************[0m
[1m                    Summary of input                   [0m
[1m*******************************************************[0m
[1;31m1. Cloud platform to deploy: OCP >=4.4+[0m
[1;31m2. Project to deploy: common-services, ibm-common-services[0m
[1;31m3. CS Operators to be Installed: Licensing and Metering + dependencies [0m
[1m*******************************************************[0m
Done
